TN:
SF:src\data.js
FN:2,(anonymous_0)
FN:3,(anonymous_1)
FN:7,(anonymous_2)
FN:9,(anonymous_3)
FN:13,(anonymous_4)
FN:15,(anonymous_5)
FN:19,(anonymous_6)
FNF:7
FNH:7
FNDA:1,(anonymous_0)
FNDA:6,(anonymous_1)
FNDA:1,(anonymous_2)
FNDA:15,(anonymous_3)
FNDA:1,(anonymous_4)
FNDA:11,(anonymous_5)
FNDA:1,(anonymous_6)
DA:2,1
DA:3,6
DA:4,1
DA:7,1
DA:8,1
DA:9,15
DA:10,1
DA:13,1
DA:14,1
DA:15,11
DA:16,1
DA:19,1
DA:20,1
DA:21,1
LF:14
LH:14
BRDA:9,0,0,6
BRDA:9,0,1,9
BRDA:15,1,0,6
BRDA:15,1,1,5
BRF:4
BRH:4
end_of_record
